<?xml version="1.0" encoding="utf-8"?><testsuites><testsuite name="pytest" errors="1" failures="0" skipped="0" tests="1" time="0.111" timestamp="2024-07-26T15:06:07.479636-04:00" hostname="Forams-MacBook-Air.local"><testcase classname="" name="tests.test_login" time="0.000"><error message="collection failure">ImportError while importing test module '/Users/foram/PycharmProjects2/parabank-tests/tests/test_login.py'.
Hint: make sure your test modules/packages have valid Python names.
Traceback:
/Library/Frameworks/Python.framework/Versions/3.12/lib/python3.12/importlib/__init__.py:90: in import_module
    return _bootstrap._gcd_import(name[level:], package, level)
tests/test_login.py:3: in &lt;module&gt;
    from pages.login_page import LoginPage
E   ModuleNotFoundError: No module named 'pages'</error></testcase></testsuite></testsuites>